<?xml version="1.0" encoding="UTF-8"?>
<!-- Generated by org.testng.reporters.JUnitXMLReporter -->
<testsuite hostname="LAPTOP-D2KDC28I" ignored="0" name="Command line test" tests="7" failures="1" timestamp="2020-05-03T19:07:08 CEST" time="75.004" errors="0">
  <testcase name="verifyNameAccountAfterLogin" time="0.058" classname="test.AccountPageTest"/>
  <testcase name="verifyNoDeliveryAddress" time="0.057" classname="test.AddressPageTest">
    <failure type="java.lang.AssertionError" message="did not expect to find [true] but found [false]">
      <![CDATA[java.lang.AssertionError: did not expect to find [true] but found [false]
at test.AddressPageTest.verifyNoDeliveryAddress(AddressPageTest.java:45)
at java.util.ArrayList.forEach(ArrayList.java:1257)
... Removed 41 stack frames]]>
    </failure>
  </testcase> <!-- verifyNoDeliveryAddress -->
  <testcase name="addDeliveryAddress" time="1.581" classname="test.DeliveryAddressDetailsPageTest"/>
  <testcase name="verifyPageTitle" time="0.009" classname="test.LoginPageTest"/>
  <testcase name="verifyNoOrders" time="0.051" classname="test.OrderConfirmedPageTest"/>
  <testcase name="verifyProductNumber" time="0.228" classname="test.ProductListPageTest"/>
  <testcase name="verifySortProducts" time="1.078" classname="test.ProductListPageTest"/>
</testsuite> <!-- Command line test -->
